[     825ms] [ERROR] Failed to load resource: the server responded with a status of 404 (Not Found) @ http://localhost:8000/favicon.ico:0
[    1652ms] [LOG] {timestamp: Tue May 05 2026 23:18:31 GMT-0300 (Brasilia Standard Time), level: 2, origin: 4, topic: 4, event: 4} @ https://esm.sh/@duckdb/duckdb-wasm@1.30.0/es2022/duckdb-wasm.mjs:1
[    2030ms] [LOG] {timestamp: Tue May 05 2026 23:18:31 GMT-0300 (Brasilia Standard Time), level: 2, origin: 4, topic: 4, event: 4} @ https://esm.sh/@duckdb/duckdb-wasm@1.30.0/es2022/duckdb-wasm.mjs:1
[    2234ms] [LOG] {timestamp: Tue May 05 2026 23:18:31 GMT-0300 (Brasilia Standard Time), level: 2, origin: 4, topic: 4, event: 4} @ https://esm.sh/@duckdb/duckdb-wasm@1.30.0/es2022/duckdb-wasm.mjs:1
[    2548ms] [INFO] [AskData] Building semantic catalog @ http://localhost:8000/:601
[    2548ms] [LOG] {timestamp: Tue May 05 2026 23:18:32 GMT-0300 (Brasilia Standard Time), level: 2, origin: 4, topic: 4, event: 4} @ https://esm.sh/@duckdb/duckdb-wasm@1.30.0/es2022/duckdb-wasm.mjs:1
[    2588ms] [LOG] {timestamp: Tue May 05 2026 23:18:32 GMT-0300 (Brasilia Standard Time), level: 2, origin: 4, topic: 4, event: 4} @ https://esm.sh/@duckdb/duckdb-wasm@1.30.0/es2022/duckdb-wasm.mjs:1
[    2610ms] [LOG] {timestamp: Tue May 05 2026 23:18:32 GMT-0300 (Brasilia Standard Time), level: 2, origin: 4, topic: 4, event: 4} @ https://esm.sh/@duckdb/duckdb-wasm@1.30.0/es2022/duckdb-wasm.mjs:1
[    2634ms] [LOG] {timestamp: Tue May 05 2026 23:18:32 GMT-0300 (Brasilia Standard Time), level: 2, origin: 4, topic: 4, event: 4} @ https://esm.sh/@duckdb/duckdb-wasm@1.30.0/es2022/duckdb-wasm.mjs:1
[    2657ms] [LOG] {timestamp: Tue May 05 2026 23:18:32 GMT-0300 (Brasilia Standard Time), level: 2, origin: 4, topic: 4, event: 4} @ https://esm.sh/@duckdb/duckdb-wasm@1.30.0/es2022/duckdb-wasm.mjs:1
[    2674ms] [LOG] {timestamp: Tue May 05 2026 23:18:32 GMT-0300 (Brasilia Standard Time), level: 2, origin: 4, topic: 4, event: 4} @ https://esm.sh/@duckdb/duckdb-wasm@1.30.0/es2022/duckdb-wasm.mjs:1
[    2690ms] [LOG] {timestamp: Tue May 05 2026 23:18:32 GMT-0300 (Brasilia Standard Time), level: 2, origin: 4, topic: 4, event: 4} @ https://esm.sh/@duckdb/duckdb-wasm@1.30.0/es2022/duckdb-wasm.mjs:1
[    2705ms] [LOG] {timestamp: Tue May 05 2026 23:18:32 GMT-0300 (Brasilia Standard Time), level: 2, origin: 4, topic: 4, event: 4} @ https://esm.sh/@duckdb/duckdb-wasm@1.30.0/es2022/duckdb-wasm.mjs:1
[    2719ms] [LOG] {timestamp: Tue May 05 2026 23:18:32 GMT-0300 (Brasilia Standard Time), level: 2, origin: 4, topic: 4, event: 4} @ https://esm.sh/@duckdb/duckdb-wasm@1.30.0/es2022/duckdb-wasm.mjs:1
[    2735ms] [LOG] {timestamp: Tue May 05 2026 23:18:32 GMT-0300 (Brasilia Standard Time), level: 2, origin: 4, topic: 4, event: 4} @ https://esm.sh/@duckdb/duckdb-wasm@1.30.0/es2022/duckdb-wasm.mjs:1
[    2749ms] [LOG] {timestamp: Tue May 05 2026 23:18:32 GMT-0300 (Brasilia Standard Time), level: 2, origin: 4, topic: 4, event: 4} @ https://esm.sh/@duckdb/duckdb-wasm@1.30.0/es2022/duckdb-wasm.mjs:1
[    2764ms] [LOG] {timestamp: Tue May 05 2026 23:18:32 GMT-0300 (Brasilia Standard Time), level: 2, origin: 4, topic: 4, event: 4} @ https://esm.sh/@duckdb/duckdb-wasm@1.30.0/es2022/duckdb-wasm.mjs:1
[    2777ms] [LOG] {timestamp: Tue May 05 2026 23:18:32 GMT-0300 (Brasilia Standard Time), level: 2, origin: 4, topic: 4, event: 4} @ https://esm.sh/@duckdb/duckdb-wasm@1.30.0/es2022/duckdb-wasm.mjs:1
[    2792ms] [LOG] {timestamp: Tue May 05 2026 23:18:32 GMT-0300 (Brasilia Standard Time), level: 2, origin: 4, topic: 4, event: 4} @ https://esm.sh/@duckdb/duckdb-wasm@1.30.0/es2022/duckdb-wasm.mjs:1
[    2806ms] [LOG] {timestamp: Tue May 05 2026 23:18:32 GMT-0300 (Brasilia Standard Time), level: 2, origin: 4, topic: 4, event: 4} @ https://esm.sh/@duckdb/duckdb-wasm@1.30.0/es2022/duckdb-wasm.mjs:1
[    2821ms] [LOG] {timestamp: Tue May 05 2026 23:18:32 GMT-0300 (Brasilia Standard Time), level: 2, origin: 4, topic: 4, event: 4} @ https://esm.sh/@duckdb/duckdb-wasm@1.30.0/es2022/duckdb-wasm.mjs:1
[    2838ms] [LOG] {timestamp: Tue May 05 2026 23:18:32 GMT-0300 (Brasilia Standard Time), level: 2, origin: 4, topic: 4, event: 4} @ https://esm.sh/@duckdb/duckdb-wasm@1.30.0/es2022/duckdb-wasm.mjs:1
[    2854ms] [LOG] {timestamp: Tue May 05 2026 23:18:32 GMT-0300 (Brasilia Standard Time), level: 2, origin: 4, topic: 4, event: 4} @ https://esm.sh/@duckdb/duckdb-wasm@1.30.0/es2022/duckdb-wasm.mjs:1
[    2887ms] [LOG] {timestamp: Tue May 05 2026 23:18:32 GMT-0300 (Brasilia Standard Time), level: 2, origin: 4, topic: 4, event: 4} @ https://esm.sh/@duckdb/duckdb-wasm@1.30.0/es2022/duckdb-wasm.mjs:1
[    2919ms] [LOG] {timestamp: Tue May 05 2026 23:18:32 GMT-0300 (Brasilia Standard Time), level: 2, origin: 4, topic: 4, event: 4} @ https://esm.sh/@duckdb/duckdb-wasm@1.30.0/es2022/duckdb-wasm.mjs:1
[    2942ms] [LOG] {timestamp: Tue May 05 2026 23:18:32 GMT-0300 (Brasilia Standard Time), level: 2, origin: 4, topic: 4, event: 4} @ https://esm.sh/@duckdb/duckdb-wasm@1.30.0/es2022/duckdb-wasm.mjs:1
[    2967ms] [LOG] {timestamp: Tue May 05 2026 23:18:32 GMT-0300 (Brasilia Standard Time), level: 2, origin: 4, topic: 4, event: 4} @ https://esm.sh/@duckdb/duckdb-wasm@1.30.0/es2022/duckdb-wasm.mjs:1
[    2986ms] [LOG] {timestamp: Tue May 05 2026 23:18:32 GMT-0300 (Brasilia Standard Time), level: 2, origin: 4, topic: 4, event: 4} @ https://esm.sh/@duckdb/duckdb-wasm@1.30.0/es2022/duckdb-wasm.mjs:1
[    3006ms] [LOG] {timestamp: Tue May 05 2026 23:18:32 GMT-0300 (Brasilia Standard Time), level: 2, origin: 4, topic: 4, event: 4} @ https://esm.sh/@duckdb/duckdb-wasm@1.30.0/es2022/duckdb-wasm.mjs:1
[    3024ms] [LOG] {timestamp: Tue May 05 2026 23:18:32 GMT-0300 (Brasilia Standard Time), level: 2, origin: 4, topic: 4, event: 4} @ https://esm.sh/@duckdb/duckdb-wasm@1.30.0/es2022/duckdb-wasm.mjs:1
[    3043ms] [LOG] {timestamp: Tue May 05 2026 23:18:32 GMT-0300 (Brasilia Standard Time), level: 2, origin: 4, topic: 4, event: 4} @ https://esm.sh/@duckdb/duckdb-wasm@1.30.0/es2022/duckdb-wasm.mjs:1
[    3061ms] [LOG] {timestamp: Tue May 05 2026 23:18:32 GMT-0300 (Brasilia Standard Time), level: 2, origin: 4, topic: 4, event: 4} @ https://esm.sh/@duckdb/duckdb-wasm@1.30.0/es2022/duckdb-wasm.mjs:1
[    3082ms] [LOG] {timestamp: Tue May 05 2026 23:18:32 GMT-0300 (Brasilia Standard Time), level: 2, origin: 4, topic: 4, event: 4} @ https://esm.sh/@duckdb/duckdb-wasm@1.30.0/es2022/duckdb-wasm.mjs:1
[    3100ms] [LOG] {timestamp: Tue May 05 2026 23:18:32 GMT-0300 (Brasilia Standard Time), level: 2, origin: 4, topic: 4, event: 4} @ https://esm.sh/@duckdb/duckdb-wasm@1.30.0/es2022/duckdb-wasm.mjs:1
[    3140ms] [LOG] {timestamp: Tue May 05 2026 23:18:32 GMT-0300 (Brasilia Standard Time), level: 2, origin: 4, topic: 4, event: 4} @ https://esm.sh/@duckdb/duckdb-wasm@1.30.0/es2022/duckdb-wasm.mjs:1
[    3174ms] [LOG] {timestamp: Tue May 05 2026 23:18:32 GMT-0300 (Brasilia Standard Time), level: 2, origin: 4, topic: 4, event: 4} @ https://esm.sh/@duckdb/duckdb-wasm@1.30.0/es2022/duckdb-wasm.mjs:1
[    3210ms] [LOG] {timestamp: Tue May 05 2026 23:18:32 GMT-0300 (Brasilia Standard Time), level: 2, origin: 4, topic: 4, event: 4} @ https://esm.sh/@duckdb/duckdb-wasm@1.30.0/es2022/duckdb-wasm.mjs:1
[    3245ms] [LOG] {timestamp: Tue May 05 2026 23:18:32 GMT-0300 (Brasilia Standard Time), level: 2, origin: 4, topic: 4, event: 4} @ https://esm.sh/@duckdb/duckdb-wasm@1.30.0/es2022/duckdb-wasm.mjs:1
[    3281ms] [LOG] {timestamp: Tue May 05 2026 23:18:32 GMT-0300 (Brasilia Standard Time), level: 2, origin: 4, topic: 4, event: 4} @ https://esm.sh/@duckdb/duckdb-wasm@1.30.0/es2022/duckdb-wasm.mjs:1
[    3316ms] [LOG] {timestamp: Tue May 05 2026 23:18:32 GMT-0300 (Brasilia Standard Time), level: 2, origin: 4, topic: 4, event: 4} @ https://esm.sh/@duckdb/duckdb-wasm@1.30.0/es2022/duckdb-wasm.mjs:1
[    3351ms] [LOG] {timestamp: Tue May 05 2026 23:18:32 GMT-0300 (Brasilia Standard Time), level: 2, origin: 4, topic: 4, event: 4} @ https://esm.sh/@duckdb/duckdb-wasm@1.30.0/es2022/duckdb-wasm.mjs:1
[    3388ms] [LOG] {timestamp: Tue May 05 2026 23:18:32 GMT-0300 (Brasilia Standard Time), level: 2, origin: 4, topic: 4, event: 4} @ https://esm.sh/@duckdb/duckdb-wasm@1.30.0/es2022/duckdb-wasm.mjs:1
[    3421ms] [LOG] {timestamp: Tue May 05 2026 23:18:32 GMT-0300 (Brasilia Standard Time), level: 2, origin: 4, topic: 4, event: 4} @ https://esm.sh/@duckdb/duckdb-wasm@1.30.0/es2022/duckdb-wasm.mjs:1
[    3457ms] [LOG] {timestamp: Tue May 05 2026 23:18:32 GMT-0300 (Brasilia Standard Time), level: 2, origin: 4, topic: 4, event: 4} @ https://esm.sh/@duckdb/duckdb-wasm@1.30.0/es2022/duckdb-wasm.mjs:1
[    3492ms] [LOG] {timestamp: Tue May 05 2026 23:18:32 GMT-0300 (Brasilia Standard Time), level: 2, origin: 4, topic: 4, event: 4} @ https://esm.sh/@duckdb/duckdb-wasm@1.30.0/es2022/duckdb-wasm.mjs:1
[    3527ms] [LOG] {timestamp: Tue May 05 2026 23:18:32 GMT-0300 (Brasilia Standard Time), level: 2, origin: 4, topic: 4, event: 4} @ https://esm.sh/@duckdb/duckdb-wasm@1.30.0/es2022/duckdb-wasm.mjs:1
[    3561ms] [LOG] {timestamp: Tue May 05 2026 23:18:33 GMT-0300 (Brasilia Standard Time), level: 2, origin: 4, topic: 4, event: 4} @ https://esm.sh/@duckdb/duckdb-wasm@1.30.0/es2022/duckdb-wasm.mjs:1
[    3596ms] [LOG] {timestamp: Tue May 05 2026 23:18:33 GMT-0300 (Brasilia Standard Time), level: 2, origin: 4, topic: 4, event: 4} @ https://esm.sh/@duckdb/duckdb-wasm@1.30.0/es2022/duckdb-wasm.mjs:1
[    3629ms] [LOG] {timestamp: Tue May 05 2026 23:18:33 GMT-0300 (Brasilia Standard Time), level: 2, origin: 4, topic: 4, event: 4} @ https://esm.sh/@duckdb/duckdb-wasm@1.30.0/es2022/duckdb-wasm.mjs:1
[    3665ms] [LOG] {timestamp: Tue May 05 2026 23:18:33 GMT-0300 (Brasilia Standard Time), level: 2, origin: 4, topic: 4, event: 4} @ https://esm.sh/@duckdb/duckdb-wasm@1.30.0/es2022/duckdb-wasm.mjs:1
[    3699ms] [LOG] {timestamp: Tue May 05 2026 23:18:33 GMT-0300 (Brasilia Standard Time), level: 2, origin: 4, topic: 4, event: 4} @ https://esm.sh/@duckdb/duckdb-wasm@1.30.0/es2022/duckdb-wasm.mjs:1
[    3738ms] [INFO] [AskData] Ready {fields: 20, relationships: Array(2), ambiguousRelationships: Array(0)} @ http://localhost:8000/:605
[    3738ms] [LOG] {timestamp: Tue May 05 2026 23:18:33 GMT-0300 (Brasilia Standard Time), level: 2, origin: 4, topic: 4, event: 4} @ https://esm.sh/@duckdb/duckdb-wasm@1.30.0/es2022/duckdb-wasm.mjs:1
[    3758ms] [LOG] {timestamp: Tue May 05 2026 23:18:33 GMT-0300 (Brasilia Standard Time), level: 2, origin: 4, topic: 4, event: 4} @ https://esm.sh/@duckdb/duckdb-wasm@1.30.0/es2022/duckdb-wasm.mjs:1
[    3776ms] [LOG] {timestamp: Tue May 05 2026 23:18:33 GMT-0300 (Brasilia Standard Time), level: 2, origin: 4, topic: 4, event: 4} @ https://esm.sh/@duckdb/duckdb-wasm@1.30.0/es2022/duckdb-wasm.mjs:1
[    3837ms] [LOG] {timestamp: Tue May 05 2026 23:18:33 GMT-0300 (Brasilia Standard Time), level: 2, origin: 4, topic: 4, event: 4} @ https://esm.sh/@duckdb/duckdb-wasm@1.30.0/es2022/duckdb-wasm.mjs:1
[    3851ms] [LOG] {timestamp: Tue May 05 2026 23:18:33 GMT-0300 (Brasilia Standard Time), level: 2, origin: 4, topic: 4, event: 4} @ https://esm.sh/@duckdb/duckdb-wasm@1.30.0/es2022/duckdb-wasm.mjs:1
[    3868ms] [LOG] {timestamp: Tue May 05 2026 23:18:33 GMT-0300 (Brasilia Standard Time), level: 2, origin: 4, topic: 4, event: 4} @ https://esm.sh/@duckdb/duckdb-wasm@1.30.0/es2022/duckdb-wasm.mjs:1
[    3921ms] [LOG] {timestamp: Tue May 05 2026 23:18:33 GMT-0300 (Brasilia Standard Time), level: 2, origin: 4, topic: 4, event: 4} @ https://esm.sh/@duckdb/duckdb-wasm@1.30.0/es2022/duckdb-wasm.mjs:1
[    4006ms] [LOG] {timestamp: Tue May 05 2026 23:18:33 GMT-0300 (Brasilia Standard Time), level: 2, origin: 4, topic: 4, event: 4} @ https://esm.sh/@duckdb/duckdb-wasm@1.30.0/es2022/duckdb-wasm.mjs:1
[    4109ms] [LOG] {timestamp: Tue May 05 2026 23:18:33 GMT-0300 (Brasilia Standard Time), level: 2, origin: 4, topic: 4, event: 4} @ https://esm.sh/@duckdb/duckdb-wasm@1.30.0/es2022/duckdb-wasm.mjs:1
[   38306ms] [LOG] {timestamp: Tue May 05 2026 23:19:07 GMT-0300 (Brasilia Standard Time), level: 2, origin: 4, topic: 4, event: 4} @ https://esm.sh/@duckdb/duckdb-wasm@1.30.0/es2022/duckdb-wasm.mjs:1
[   38420ms] [LOG] {timestamp: Tue May 05 2026 23:19:07 GMT-0300 (Brasilia Standard Time), level: 2, origin: 4, topic: 4, event: 4} @ https://esm.sh/@duckdb/duckdb-wasm@1.30.0/es2022/duckdb-wasm.mjs:1
[   38441ms] [LOG] {timestamp: Tue May 05 2026 23:19:07 GMT-0300 (Brasilia Standard Time), level: 2, origin: 4, topic: 4, event: 4} @ https://esm.sh/@duckdb/duckdb-wasm@1.30.0/es2022/duckdb-wasm.mjs:1
[   38487ms] [INFO] [AskData] Building semantic catalog @ http://localhost:8000/:601
[   38487ms] [LOG] {timestamp: Tue May 05 2026 23:19:07 GMT-0300 (Brasilia Standard Time), level: 2, origin: 4, topic: 4, event: 4} @ https://esm.sh/@duckdb/duckdb-wasm@1.30.0/es2022/duckdb-wasm.mjs:1
[   38512ms] [LOG] {timestamp: Tue May 05 2026 23:19:07 GMT-0300 (Brasilia Standard Time), level: 2, origin: 4, topic: 4, event: 4} @ https://esm.sh/@duckdb/duckdb-wasm@1.30.0/es2022/duckdb-wasm.mjs:1
[   38526ms] [LOG] {timestamp: Tue May 05 2026 23:19:07 GMT-0300 (Brasilia Standard Time), level: 2, origin: 4, topic: 4, event: 4} @ https://esm.sh/@duckdb/duckdb-wasm@1.30.0/es2022/duckdb-wasm.mjs:1
[   38550ms] [LOG] {timestamp: Tue May 05 2026 23:19:08 GMT-0300 (Brasilia Standard Time), level: 2, origin: 4, topic: 4, event: 4} @ https://esm.sh/@duckdb/duckdb-wasm@1.30.0/es2022/duckdb-wasm.mjs:1
[   38570ms] [LOG] {timestamp: Tue May 05 2026 23:19:08 GMT-0300 (Brasilia Standard Time), level: 2, origin: 4, topic: 4, event: 4} @ https://esm.sh/@duckdb/duckdb-wasm@1.30.0/es2022/duckdb-wasm.mjs:1
[   38584ms] [LOG] {timestamp: Tue May 05 2026 23:19:08 GMT-0300 (Brasilia Standard Time), level: 2, origin: 4, topic: 4, event: 4} @ https://esm.sh/@duckdb/duckdb-wasm@1.30.0/es2022/duckdb-wasm.mjs:1
[   38599ms] [LOG] {timestamp: Tue May 05 2026 23:19:08 GMT-0300 (Brasilia Standard Time), level: 2, origin: 4, topic: 4, event: 4} @ https://esm.sh/@duckdb/duckdb-wasm@1.30.0/es2022/duckdb-wasm.mjs:1
[   38612ms] [LOG] {timestamp: Tue May 05 2026 23:19:08 GMT-0300 (Brasilia Standard Time), level: 2, origin: 4, topic: 4, event: 4} @ https://esm.sh/@duckdb/duckdb-wasm@1.30.0/es2022/duckdb-wasm.mjs:1
[   38625ms] [LOG] {timestamp: Tue May 05 2026 23:19:08 GMT-0300 (Brasilia Standard Time), level: 2, origin: 4, topic: 4, event: 4} @ https://esm.sh/@duckdb/duckdb-wasm@1.30.0/es2022/duckdb-wasm.mjs:1
[   38639ms] [LOG] {timestamp: Tue May 05 2026 23:19:08 GMT-0300 (Brasilia Standard Time), level: 2, origin: 4, topic: 4, event: 4} @ https://esm.sh/@duckdb/duckdb-wasm@1.30.0/es2022/duckdb-wasm.mjs:1
[   38653ms] [LOG] {timestamp: Tue May 05 2026 23:19:08 GMT-0300 (Brasilia Standard Time), level: 2, origin: 4, topic: 4, event: 4} @ https://esm.sh/@duckdb/duckdb-wasm@1.30.0/es2022/duckdb-wasm.mjs:1
[   38667ms] [LOG] {timestamp: Tue May 05 2026 23:19:08 GMT-0300 (Brasilia Standard Time), level: 2, origin: 4, topic: 4, event: 4} @ https://esm.sh/@duckdb/duckdb-wasm@1.30.0/es2022/duckdb-wasm.mjs:1
[   38681ms] [LOG] {timestamp: Tue May 05 2026 23:19:08 GMT-0300 (Brasilia Standard Time), level: 2, origin: 4, topic: 4, event: 4} @ https://esm.sh/@duckdb/duckdb-wasm@1.30.0/es2022/duckdb-wasm.mjs:1
[   38696ms] [LOG] {timestamp: Tue May 05 2026 23:19:08 GMT-0300 (Brasilia Standard Time), level: 2, origin: 4, topic: 4, event: 4} @ https://esm.sh/@duckdb/duckdb-wasm@1.30.0/es2022/duckdb-wasm.mjs:1
[   38721ms] [LOG] {timestamp: Tue May 05 2026 23:19:08 GMT-0300 (Brasilia Standard Time), level: 2, origin: 4, topic: 4, event: 4} @ https://esm.sh/@duckdb/duckdb-wasm@1.30.0/es2022/duckdb-wasm.mjs:1
[   38735ms] [LOG] {timestamp: Tue May 05 2026 23:19:08 GMT-0300 (Brasilia Standard Time), level: 2, origin: 4, topic: 4, event: 4} @ https://esm.sh/@duckdb/duckdb-wasm@1.30.0/es2022/duckdb-wasm.mjs:1
[   38748ms] [LOG] {timestamp: Tue May 05 2026 23:19:08 GMT-0300 (Brasilia Standard Time), level: 2, origin: 4, topic: 4, event: 4} @ https://esm.sh/@duckdb/duckdb-wasm@1.30.0/es2022/duckdb-wasm.mjs:1
[   38762ms] [LOG] {timestamp: Tue May 05 2026 23:19:08 GMT-0300 (Brasilia Standard Time), level: 2, origin: 4, topic: 4, event: 4} @ https://esm.sh/@duckdb/duckdb-wasm@1.30.0/es2022/duckdb-wasm.mjs:1
[   38776ms] [LOG] {timestamp: Tue May 05 2026 23:19:08 GMT-0300 (Brasilia Standard Time), level: 2, origin: 4, topic: 4, event: 4} @ https://esm.sh/@duckdb/duckdb-wasm@1.30.0/es2022/duckdb-wasm.mjs:1
[   38792ms] [LOG] {timestamp: Tue May 05 2026 23:19:08 GMT-0300 (Brasilia Standard Time), level: 2, origin: 4, topic: 4, event: 4} @ https://esm.sh/@duckdb/duckdb-wasm@1.30.0/es2022/duckdb-wasm.mjs:1
[   38809ms] [LOG] {timestamp: Tue May 05 2026 23:19:08 GMT-0300 (Brasilia Standard Time), level: 2, origin: 4, topic: 4, event: 4} @ https://esm.sh/@duckdb/duckdb-wasm@1.30.0/es2022/duckdb-wasm.mjs:1
[   38830ms] [LOG] {timestamp: Tue May 05 2026 23:19:08 GMT-0300 (Brasilia Standard Time), level: 2, origin: 4, topic: 4, event: 4} @ https://esm.sh/@duckdb/duckdb-wasm@1.30.0/es2022/duckdb-wasm.mjs:1
[   38846ms] [LOG] {timestamp: Tue May 05 2026 23:19:08 GMT-0300 (Brasilia Standard Time), level: 2, origin: 4, topic: 4, event: 4} @ https://esm.sh/@duckdb/duckdb-wasm@1.30.0/es2022/duckdb-wasm.mjs:1
[   38864ms] [LOG] {timestamp: Tue May 05 2026 23:19:08 GMT-0300 (Brasilia Standard Time), level: 2, origin: 4, topic: 4, event: 4} @ https://esm.sh/@duckdb/duckdb-wasm@1.30.0/es2022/duckdb-wasm.mjs:1
[   38881ms] [LOG] {timestamp: Tue May 05 2026 23:19:08 GMT-0300 (Brasilia Standard Time), level: 2, origin: 4, topic: 4, event: 4} @ https://esm.sh/@duckdb/duckdb-wasm@1.30.0/es2022/duckdb-wasm.mjs:1
[   38898ms] [LOG] {timestamp: Tue May 05 2026 23:19:08 GMT-0300 (Brasilia Standard Time), level: 2, origin: 4, topic: 4, event: 4} @ https://esm.sh/@duckdb/duckdb-wasm@1.30.0/es2022/duckdb-wasm.mjs:1
[   38915ms] [LOG] {timestamp: Tue May 05 2026 23:19:08 GMT-0300 (Brasilia Standard Time), level: 2, origin: 4, topic: 4, event: 4} @ https://esm.sh/@duckdb/duckdb-wasm@1.30.0/es2022/duckdb-wasm.mjs:1
[   38934ms] [LOG] {timestamp: Tue May 05 2026 23:19:08 GMT-0300 (Brasilia Standard Time), level: 2, origin: 4, topic: 4, event: 4} @ https://esm.sh/@duckdb/duckdb-wasm@1.30.0/es2022/duckdb-wasm.mjs:1
[   38951ms] [LOG] {timestamp: Tue May 05 2026 23:19:08 GMT-0300 (Brasilia Standard Time), level: 2, origin: 4, topic: 4, event: 4} @ https://esm.sh/@duckdb/duckdb-wasm@1.30.0/es2022/duckdb-wasm.mjs:1
[   38987ms] [LOG] {timestamp: Tue May 05 2026 23:19:08 GMT-0300 (Brasilia Standard Time), level: 2, origin: 4, topic: 4, event: 4} @ https://esm.sh/@duckdb/duckdb-wasm@1.30.0/es2022/duckdb-wasm.mjs:1
[   39017ms] [LOG] {timestamp: Tue May 05 2026 23:19:08 GMT-0300 (Brasilia Standard Time), level: 2, origin: 4, topic: 4, event: 4} @ https://esm.sh/@duckdb/duckdb-wasm@1.30.0/es2022/duckdb-wasm.mjs:1
[   39052ms] [LOG] {timestamp: Tue May 05 2026 23:19:08 GMT-0300 (Brasilia Standard Time), level: 2, origin: 4, topic: 4, event: 4} @ https://esm.sh/@duckdb/duckdb-wasm@1.30.0/es2022/duckdb-wasm.mjs:1
[   39086ms] [LOG] {timestamp: Tue May 05 2026 23:19:08 GMT-0300 (Brasilia Standard Time), level: 2, origin: 4, topic: 4, event: 4} @ https://esm.sh/@duckdb/duckdb-wasm@1.30.0/es2022/duckdb-wasm.mjs:1
[   39120ms] [LOG] {timestamp: Tue May 05 2026 23:19:08 GMT-0300 (Brasilia Standard Time), level: 2, origin: 4, topic: 4, event: 4} @ https://esm.sh/@duckdb/duckdb-wasm@1.30.0/es2022/duckdb-wasm.mjs:1
[   39155ms] [LOG] {timestamp: Tue May 05 2026 23:19:08 GMT-0300 (Brasilia Standard Time), level: 2, origin: 4, topic: 4, event: 4} @ https://esm.sh/@duckdb/duckdb-wasm@1.30.0/es2022/duckdb-wasm.mjs:1
[   39188ms] [LOG] {timestamp: Tue May 05 2026 23:19:08 GMT-0300 (Brasilia Standard Time), level: 2, origin: 4, topic: 4, event: 4} @ https://esm.sh/@duckdb/duckdb-wasm@1.30.0/es2022/duckdb-wasm.mjs:1
[   39225ms] [LOG] {timestamp: Tue May 05 2026 23:19:08 GMT-0300 (Brasilia Standard Time), level: 2, origin: 4, topic: 4, event: 4} @ https://esm.sh/@duckdb/duckdb-wasm@1.30.0/es2022/duckdb-wasm.mjs:1
[   39259ms] [LOG] {timestamp: Tue May 05 2026 23:19:08 GMT-0300 (Brasilia Standard Time), level: 2, origin: 4, topic: 4, event: 4} @ https://esm.sh/@duckdb/duckdb-wasm@1.30.0/es2022/duckdb-wasm.mjs:1
[   39293ms] [LOG] {timestamp: Tue May 05 2026 23:19:08 GMT-0300 (Brasilia Standard Time), level: 2, origin: 4, topic: 4, event: 4} @ https://esm.sh/@duckdb/duckdb-wasm@1.30.0/es2022/duckdb-wasm.mjs:1
[   39325ms] [LOG] {timestamp: Tue May 05 2026 23:19:08 GMT-0300 (Brasilia Standard Time), level: 2, origin: 4, topic: 4, event: 4} @ https://esm.sh/@duckdb/duckdb-wasm@1.30.0/es2022/duckdb-wasm.mjs:1
[   39358ms] [LOG] {timestamp: Tue May 05 2026 23:19:08 GMT-0300 (Brasilia Standard Time), level: 2, origin: 4, topic: 4, event: 4} @ https://esm.sh/@duckdb/duckdb-wasm@1.30.0/es2022/duckdb-wasm.mjs:1
[   39392ms] [LOG] {timestamp: Tue May 05 2026 23:19:08 GMT-0300 (Brasilia Standard Time), level: 2, origin: 4, topic: 4, event: 4} @ https://esm.sh/@duckdb/duckdb-wasm@1.30.0/es2022/duckdb-wasm.mjs:1
[   39425ms] [LOG] {timestamp: Tue May 05 2026 23:19:08 GMT-0300 (Brasilia Standard Time), level: 2, origin: 4, topic: 4, event: 4} @ https://esm.sh/@duckdb/duckdb-wasm@1.30.0/es2022/duckdb-wasm.mjs:1
[   39459ms] [LOG] {timestamp: Tue May 05 2026 23:19:08 GMT-0300 (Brasilia Standard Time), level: 2, origin: 4, topic: 4, event: 4} @ https://esm.sh/@duckdb/duckdb-wasm@1.30.0/es2022/duckdb-wasm.mjs:1
[   39492ms] [LOG] {timestamp: Tue May 05 2026 23:19:08 GMT-0300 (Brasilia Standard Time), level: 2, origin: 4, topic: 4, event: 4} @ https://esm.sh/@duckdb/duckdb-wasm@1.30.0/es2022/duckdb-wasm.mjs:1
[   39523ms] [LOG] {timestamp: Tue May 05 2026 23:19:08 GMT-0300 (Brasilia Standard Time), level: 2, origin: 4, topic: 4, event: 4} @ https://esm.sh/@duckdb/duckdb-wasm@1.30.0/es2022/duckdb-wasm.mjs:1
[   39558ms] [INFO] [AskData] Ready {fields: 20, relationships: Array(2), ambiguousRelationships: Array(0)} @ http://localhost:8000/:605
[   39558ms] [LOG] {timestamp: Tue May 05 2026 23:19:09 GMT-0300 (Brasilia Standard Time), level: 2, origin: 4, topic: 4, event: 4} @ https://esm.sh/@duckdb/duckdb-wasm@1.30.0/es2022/duckdb-wasm.mjs:1
[   39575ms] [LOG] {timestamp: Tue May 05 2026 23:19:09 GMT-0300 (Brasilia Standard Time), level: 2, origin: 4, topic: 4, event: 4} @ https://esm.sh/@duckdb/duckdb-wasm@1.30.0/es2022/duckdb-wasm.mjs:1
[   39593ms] [LOG] {timestamp: Tue May 05 2026 23:19:09 GMT-0300 (Brasilia Standard Time), level: 2, origin: 4, topic: 4, event: 4} @ https://esm.sh/@duckdb/duckdb-wasm@1.30.0/es2022/duckdb-wasm.mjs:1
[   39649ms] [LOG] {timestamp: Tue May 05 2026 23:19:09 GMT-0300 (Brasilia Standard Time), level: 2, origin: 4, topic: 4, event: 4} @ https://esm.sh/@duckdb/duckdb-wasm@1.30.0/es2022/duckdb-wasm.mjs:1
[   39662ms] [LOG] {timestamp: Tue May 05 2026 23:19:09 GMT-0300 (Brasilia Standard Time), level: 2, origin: 4, topic: 4, event: 4} @ https://esm.sh/@duckdb/duckdb-wasm@1.30.0/es2022/duckdb-wasm.mjs:1
[   39679ms] [LOG] {timestamp: Tue May 05 2026 23:19:09 GMT-0300 (Brasilia Standard Time), level: 2, origin: 4, topic: 4, event: 4} @ https://esm.sh/@duckdb/duckdb-wasm@1.30.0/es2022/duckdb-wasm.mjs:1
[   39728ms] [LOG] {timestamp: Tue May 05 2026 23:19:09 GMT-0300 (Brasilia Standard Time), level: 2, origin: 4, topic: 4, event: 4} @ https://esm.sh/@duckdb/duckdb-wasm@1.30.0/es2022/duckdb-wasm.mjs:1
[   39794ms] [LOG] {timestamp: Tue May 05 2026 23:19:09 GMT-0300 (Brasilia Standard Time), level: 2, origin: 4, topic: 4, event: 4} @ https://esm.sh/@duckdb/duckdb-wasm@1.30.0/es2022/duckdb-wasm.mjs:1
[   39855ms] [LOG] {timestamp: Tue May 05 2026 23:19:09 GMT-0300 (Brasilia Standard Time), level: 2, origin: 4, topic: 4, event: 4} @ https://esm.sh/@duckdb/duckdb-wasm@1.30.0/es2022/duckdb-wasm.mjs:1
[   44887ms] [INFO] [AskData] SQL SELECT CAST(d1 AS VARCHAR) AS label, value
FROM (
SELECT
  t1_customer."Region" AS "d1",
  SUM(t0_sales."Sales") AS value
FROM "sales" t0_sales
JOIN "customer" t1_customer ON t0_sales."Customer ID" = t1_customer."Customer ID"
GROUP BY 1
) q
ORDER BY value DESC
LIMIT 25 @ http://localhost:8000/:794
[   44887ms] [LOG] {timestamp: Tue May 05 2026 23:19:14 GMT-0300 (Brasilia Standard Time), level: 2, origin: 4, topic: 4, event: 4} @ https://esm.sh/@duckdb/duckdb-wasm@1.30.0/es2022/duckdb-wasm.mjs:1
[   55604ms] [INFO] [AskData] SQL SELECT CAST(d1 AS VARCHAR) AS label, value
FROM (
SELECT
  t1_product."Product Name" AS "d1",
  SUM(t0_sales."Sales") AS value
FROM "sales" t0_sales
JOIN "product" t1_product ON t0_sales."Product ID" = t1_product."Product ID"
GROUP BY 1
) q
ORDER BY value DESC
LIMIT 10 @ http://localhost:8000/:794
[   55604ms] [LOG] {timestamp: Tue May 05 2026 23:19:25 GMT-0300 (Brasilia Standard Time), level: 2, origin: 4, topic: 4, event: 4} @ https://esm.sh/@duckdb/duckdb-wasm@1.30.0/es2022/duckdb-wasm.mjs:1
[   63252ms] [INFO] [AskData] SQL SELECT CAST(d1 AS VARCHAR) AS label, value
FROM (
SELECT
  t1_product."Category" AS "d1",
  SUM(t0_sales."Sales") AS value
FROM "sales" t0_sales
JOIN "product" t1_product ON t0_sales."Product ID" = t1_product."Product ID"
JOIN "customer" t2_customer ON t0_sales."Customer ID" = t2_customer."Customer ID"
WHERE t2_customer."Region" = 'West'
GROUP BY 1
) q
ORDER BY value DESC
LIMIT 25 @ http://localhost:8000/:794
[   63252ms] [LOG] {timestamp: Tue May 05 2026 23:19:32 GMT-0300 (Brasilia Standard Time), level: 2, origin: 4, topic: 4, event: 4} @ https://esm.sh/@duckdb/duckdb-wasm@1.30.0/es2022/duckdb-wasm.mjs:1
[   70271ms] [INFO] [AskData] SQL SELECT CAST(d1 AS VARCHAR) AS label, value
FROM (
SELECT
  DATE_TRUNC('month', STRPTIME(t0_sales."Order Date", '%d-%m-%Y')) AS "d1",
  SUM(t0_sales."Sales") AS value
FROM "sales" t0_sales

GROUP BY 1
) q
ORDER BY value DESC
LIMIT 25 @ http://localhost:8000/:794
[   70271ms] [LOG] {timestamp: Tue May 05 2026 23:19:39 GMT-0300 (Brasilia Standard Time), level: 2, origin: 4, topic: 4, event: 4} @ https://esm.sh/@duckdb/duckdb-wasm@1.30.0/es2022/duckdb-wasm.mjs:1
[   70310ms] [LOG] Error: Binder Error: No function matches the given name and argument types 'strptime(DATE, STRING_LITERAL)'. You might need to add explicit type casts.
	Candidate functions:
	strptime(VARCHAR, VARCHAR) -> TIMESTAMP
	strptime(VARCHAR, VARCHAR[]) -> TIMESTAMP


LINE 4:   DATE_TRUNC('month', STRPTIME(t0_sales."Order Date", '%d-%m-%Y')) AS "d1",
                              ^
    at ha.runQuery (https://cdn.jsdelivr.net/npm/@duckdb/duckdb-wasm@1.30.0/dist/duckdb-browser-eh.worker.js:1:738060)
    at xo.onMessage (https://cdn.jsdelivr.net/npm/@duckdb/duckdb-wasm@1.30.0/dist/duckdb-browser-eh.worker.js:1:748160)
    at globalThis.onmessage (https://cdn.jsdelivr.net/npm/@duckdb/duckdb-wasm@1.30.0/dist/duckdb-browser-eh.worker.js:1:771195) @ https://cdn.jsdelivr.net/npm/@duckdb/duckdb-wasm@1.30.0/dist/duckdb-browser-eh.worker.js:0
[   70310ms] [ERROR] Error: Binder Error: No function matches the given name and argument types 'strptime(DATE, STRING_LITERAL)'. You might need to add explicit type casts.
	Candidate functions:
	strptime(VARCHAR, VARCHAR) -> TIMESTAMP
	strptime(VARCHAR, VARCHAR[]) -> TIMESTAMP


LINE 4:   DATE_TRUNC('month', STRPTIME(t0_sales."Order Date", '%d-%m-%Y')) AS "d1",
                              ^
    at oe.onMessage (https://esm.sh/@duckdb/duckdb-wasm@1.30.0/es2022/duckdb-wasm.mjs:2:11529) @ http://localhost:8000/:1332
[   86985ms] [LOG] {timestamp: Tue May 05 2026 23:19:56 GMT-0300 (Brasilia Standard Time), level: 2, origin: 4, topic: 4, event: 4} @ https://esm.sh/@duckdb/duckdb-wasm@1.30.0/es2022/duckdb-wasm.mjs:1
[   87091ms] [LOG] {timestamp: Tue May 05 2026 23:19:56 GMT-0300 (Brasilia Standard Time), level: 2, origin: 4, topic: 4, event: 4} @ https://esm.sh/@duckdb/duckdb-wasm@1.30.0/es2022/duckdb-wasm.mjs:1
[   87115ms] [LOG] {timestamp: Tue May 05 2026 23:19:56 GMT-0300 (Brasilia Standard Time), level: 2, origin: 4, topic: 4, event: 4} @ https://esm.sh/@duckdb/duckdb-wasm@1.30.0/es2022/duckdb-wasm.mjs:1
[   87165ms] [INFO] [AskData] Building semantic catalog @ http://localhost:8000/:601
[   87166ms] [LOG] {timestamp: Tue May 05 2026 23:19:56 GMT-0300 (Brasilia Standard Time), level: 2, origin: 4, topic: 4, event: 4} @ https://esm.sh/@duckdb/duckdb-wasm@1.30.0/es2022/duckdb-wasm.mjs:1
[   87192ms] [LOG] {timestamp: Tue May 05 2026 23:19:56 GMT-0300 (Brasilia Standard Time), level: 2, origin: 4, topic: 4, event: 4} @ https://esm.sh/@duckdb/duckdb-wasm@1.30.0/es2022/duckdb-wasm.mjs:1
[   87208ms] [LOG] {timestamp: Tue May 05 2026 23:19:56 GMT-0300 (Brasilia Standard Time), level: 2, origin: 4, topic: 4, event: 4} @ https://esm.sh/@duckdb/duckdb-wasm@1.30.0/es2022/duckdb-wasm.mjs:1
[   87228ms] [LOG] {timestamp: Tue May 05 2026 23:19:56 GMT-0300 (Brasilia Standard Time), level: 2, origin: 4, topic: 4, event: 4} @ https://esm.sh/@duckdb/duckdb-wasm@1.30.0/es2022/duckdb-wasm.mjs:1
[   87249ms] [LOG] {timestamp: Tue May 05 2026 23:19:56 GMT-0300 (Brasilia Standard Time), level: 2, origin: 4, topic: 4, event: 4} @ https://esm.sh/@duckdb/duckdb-wasm@1.30.0/es2022/duckdb-wasm.mjs:1
[   87263ms] [LOG] {timestamp: Tue May 05 2026 23:19:56 GMT-0300 (Brasilia Standard Time), level: 2, origin: 4, topic: 4, event: 4} @ https://esm.sh/@duckdb/duckdb-wasm@1.30.0/es2022/duckdb-wasm.mjs:1
[   87278ms] [LOG] {timestamp: Tue May 05 2026 23:19:56 GMT-0300 (Brasilia Standard Time), level: 2, origin: 4, topic: 4, event: 4} @ https://esm.sh/@duckdb/duckdb-wasm@1.30.0/es2022/duckdb-wasm.mjs:1
[   87292ms] [LOG] {timestamp: Tue May 05 2026 23:19:56 GMT-0300 (Brasilia Standard Time), level: 2, origin: 4, topic: 4, event: 4} @ https://esm.sh/@duckdb/duckdb-wasm@1.30.0/es2022/duckdb-wasm.mjs:1
[   87305ms] [LOG] {timestamp: Tue May 05 2026 23:19:56 GMT-0300 (Brasilia Standard Time), level: 2, origin: 4, topic: 4, event: 4} @ https://esm.sh/@duckdb/duckdb-wasm@1.30.0/es2022/duckdb-wasm.mjs:1
[   87319ms] [LOG] {timestamp: Tue May 05 2026 23:19:56 GMT-0300 (Brasilia Standard Time), level: 2, origin: 4, topic: 4, event: 4} @ https://esm.sh/@duckdb/duckdb-wasm@1.30.0/es2022/duckdb-wasm.mjs:1
[   87332ms] [LOG] {timestamp: Tue May 05 2026 23:19:56 GMT-0300 (Brasilia Standard Time), level: 2, origin: 4, topic: 4, event: 4} @ https://esm.sh/@duckdb/duckdb-wasm@1.30.0/es2022/duckdb-wasm.mjs:1
[   87346ms] [LOG] {timestamp: Tue May 05 2026 23:19:56 GMT-0300 (Brasilia Standard Time), level: 2, origin: 4, topic: 4, event: 4} @ https://esm.sh/@duckdb/duckdb-wasm@1.30.0/es2022/duckdb-wasm.mjs:1
[   87359ms] [LOG] {timestamp: Tue May 05 2026 23:19:56 GMT-0300 (Brasilia Standard Time), level: 2, origin: 4, topic: 4, event: 4} @ https://esm.sh/@duckdb/duckdb-wasm@1.30.0/es2022/duckdb-wasm.mjs:1
[   87373ms] [LOG] {timestamp: Tue May 05 2026 23:19:56 GMT-0300 (Brasilia Standard Time), level: 2, origin: 4, topic: 4, event: 4} @ https://esm.sh/@duckdb/duckdb-wasm@1.30.0/es2022/duckdb-wasm.mjs:1
[   87386ms] [LOG] {timestamp: Tue May 05 2026 23:19:56 GMT-0300 (Brasilia Standard Time), level: 2, origin: 4, topic: 4, event: 4} @ https://esm.sh/@duckdb/duckdb-wasm@1.30.0/es2022/duckdb-wasm.mjs:1
[   87399ms] [LOG] {timestamp: Tue May 05 2026 23:19:56 GMT-0300 (Brasilia Standard Time), level: 2, origin: 4, topic: 4, event: 4} @ https://esm.sh/@duckdb/duckdb-wasm@1.30.0/es2022/duckdb-wasm.mjs:1
[   87413ms] [LOG] {timestamp: Tue May 05 2026 23:19:56 GMT-0300 (Brasilia Standard Time), level: 2, origin: 4, topic: 4, event: 4} @ https://esm.sh/@duckdb/duckdb-wasm@1.30.0/es2022/duckdb-wasm.mjs:1
[   87426ms] [LOG] {timestamp: Tue May 05 2026 23:19:56 GMT-0300 (Brasilia Standard Time), level: 2, origin: 4, topic: 4, event: 4} @ https://esm.sh/@duckdb/duckdb-wasm@1.30.0/es2022/duckdb-wasm.mjs:1
[   87440ms] [LOG] {timestamp: Tue May 05 2026 23:19:56 GMT-0300 (Brasilia Standard Time), level: 2, origin: 4, topic: 4, event: 4} @ https://esm.sh/@duckdb/duckdb-wasm@1.30.0/es2022/duckdb-wasm.mjs:1
[   87457ms] [LOG] {timestamp: Tue May 05 2026 23:19:56 GMT-0300 (Brasilia Standard Time), level: 2, origin: 4, topic: 4, event: 4} @ https://esm.sh/@duckdb/duckdb-wasm@1.30.0/es2022/duckdb-wasm.mjs:1
[   87472ms] [LOG] {timestamp: Tue May 05 2026 23:19:56 GMT-0300 (Brasilia Standard Time), level: 2, origin: 4, topic: 4, event: 4} @ https://esm.sh/@duckdb/duckdb-wasm@1.30.0/es2022/duckdb-wasm.mjs:1
[   87492ms] [LOG] {timestamp: Tue May 05 2026 23:19:56 GMT-0300 (Brasilia Standard Time), level: 2, origin: 4, topic: 4, event: 4} @ https://esm.sh/@duckdb/duckdb-wasm@1.30.0/es2022/duckdb-wasm.mjs:1
[   87510ms] [LOG] {timestamp: Tue May 05 2026 23:19:56 GMT-0300 (Brasilia Standard Time), level: 2, origin: 4, topic: 4, event: 4} @ https://esm.sh/@duckdb/duckdb-wasm@1.30.0/es2022/duckdb-wasm.mjs:1
[   87528ms] [LOG] {timestamp: Tue May 05 2026 23:19:56 GMT-0300 (Brasilia Standard Time), level: 2, origin: 4, topic: 4, event: 4} @ https://esm.sh/@duckdb/duckdb-wasm@1.30.0/es2022/duckdb-wasm.mjs:1
[   87544ms] [LOG] {timestamp: Tue May 05 2026 23:19:57 GMT-0300 (Brasilia Standard Time), level: 2, origin: 4, topic: 4, event: 4} @ https://esm.sh/@duckdb/duckdb-wasm@1.30.0/es2022/duckdb-wasm.mjs:1
[   87562ms] [LOG] {timestamp: Tue May 05 2026 23:19:57 GMT-0300 (Brasilia Standard Time), level: 2, origin: 4, topic: 4, event: 4} @ https://esm.sh/@duckdb/duckdb-wasm@1.30.0/es2022/duckdb-wasm.mjs:1
[   87579ms] [LOG] {timestamp: Tue May 05 2026 23:19:57 GMT-0300 (Brasilia Standard Time), level: 2, origin: 4, topic: 4, event: 4} @ https://esm.sh/@duckdb/duckdb-wasm@1.30.0/es2022/duckdb-wasm.mjs:1
[   87598ms] [LOG] {timestamp: Tue May 05 2026 23:19:57 GMT-0300 (Brasilia Standard Time), level: 2, origin: 4, topic: 4, event: 4} @ https://esm.sh/@duckdb/duckdb-wasm@1.30.0/es2022/duckdb-wasm.mjs:1
[   87616ms] [LOG] {timestamp: Tue May 05 2026 23:19:57 GMT-0300 (Brasilia Standard Time), level: 2, origin: 4, topic: 4, event: 4} @ https://esm.sh/@duckdb/duckdb-wasm@1.30.0/es2022/duckdb-wasm.mjs:1
[   87651ms] [LOG] {timestamp: Tue May 05 2026 23:19:57 GMT-0300 (Brasilia Standard Time), level: 2, origin: 4, topic: 4, event: 4} @ https://esm.sh/@duckdb/duckdb-wasm@1.30.0/es2022/duckdb-wasm.mjs:1
[   87683ms] [LOG] {timestamp: Tue May 05 2026 23:19:57 GMT-0300 (Brasilia Standard Time), level: 2, origin: 4, topic: 4, event: 4} @ https://esm.sh/@duckdb/duckdb-wasm@1.30.0/es2022/duckdb-wasm.mjs:1
[   87716ms] [LOG] {timestamp: Tue May 05 2026 23:19:57 GMT-0300 (Brasilia Standard Time), level: 2, origin: 4, topic: 4, event: 4} @ https://esm.sh/@duckdb/duckdb-wasm@1.30.0/es2022/duckdb-wasm.mjs:1
[   87751ms] [LOG] {timestamp: Tue May 05 2026 23:19:57 GMT-0300 (Brasilia Standard Time), level: 2, origin: 4, topic: 4, event: 4} @ https://esm.sh/@duckdb/duckdb-wasm@1.30.0/es2022/duckdb-wasm.mjs:1
[   87784ms] [LOG] {timestamp: Tue May 05 2026 23:19:57 GMT-0300 (Brasilia Standard Time), level: 2, origin: 4, topic: 4, event: 4} @ https://esm.sh/@duckdb/duckdb-wasm@1.30.0/es2022/duckdb-wasm.mjs:1
[   87817ms] [LOG] {timestamp: Tue May 05 2026 23:19:57 GMT-0300 (Brasilia Standard Time), level: 2, origin: 4, topic: 4, event: 4} @ https://esm.sh/@duckdb/duckdb-wasm@1.30.0/es2022/duckdb-wasm.mjs:1
[   87850ms] [LOG] {timestamp: Tue May 05 2026 23:19:57 GMT-0300 (Brasilia Standard Time), level: 2, origin: 4, topic: 4, event: 4} @ https://esm.sh/@duckdb/duckdb-wasm@1.30.0/es2022/duckdb-wasm.mjs:1
[   87886ms] [LOG] {timestamp: Tue May 05 2026 23:19:57 GMT-0300 (Brasilia Standard Time), level: 2, origin: 4, topic: 4, event: 4} @ https://esm.sh/@duckdb/duckdb-wasm@1.30.0/es2022/duckdb-wasm.mjs:1
[   87919ms] [LOG] {timestamp: Tue May 05 2026 23:19:57 GMT-0300 (Brasilia Standard Time), level: 2, origin: 4, topic: 4, event: 4} @ https://esm.sh/@duckdb/duckdb-wasm@1.30.0/es2022/duckdb-wasm.mjs:1
[   87951ms] [LOG] {timestamp: Tue May 05 2026 23:19:57 GMT-0300 (Brasilia Standard Time), level: 2, origin: 4, topic: 4, event: 4} @ https://esm.sh/@duckdb/duckdb-wasm@1.30.0/es2022/duckdb-wasm.mjs:1
[   87984ms] [LOG] {timestamp: Tue May 05 2026 23:19:57 GMT-0300 (Brasilia Standard Time), level: 2, origin: 4, topic: 4, event: 4} @ https://esm.sh/@duckdb/duckdb-wasm@1.30.0/es2022/duckdb-wasm.mjs:1
[   88020ms] [LOG] {timestamp: Tue May 05 2026 23:19:57 GMT-0300 (Brasilia Standard Time), level: 2, origin: 4, topic: 4, event: 4} @ https://esm.sh/@duckdb/duckdb-wasm@1.30.0/es2022/duckdb-wasm.mjs:1
[   88051ms] [LOG] {timestamp: Tue May 05 2026 23:19:57 GMT-0300 (Brasilia Standard Time), level: 2, origin: 4, topic: 4, event: 4} @ https://esm.sh/@duckdb/duckdb-wasm@1.30.0/es2022/duckdb-wasm.mjs:1
[   88095ms] [LOG] {timestamp: Tue May 05 2026 23:19:57 GMT-0300 (Brasilia Standard Time), level: 2, origin: 4, topic: 4, event: 4} @ https://esm.sh/@duckdb/duckdb-wasm@1.30.0/es2022/duckdb-wasm.mjs:1
[   88127ms] [LOG] {timestamp: Tue May 05 2026 23:19:57 GMT-0300 (Brasilia Standard Time), level: 2, origin: 4, topic: 4, event: 4} @ https://esm.sh/@duckdb/duckdb-wasm@1.30.0/es2022/duckdb-wasm.mjs:1
[   88159ms] [LOG] {timestamp: Tue May 05 2026 23:19:57 GMT-0300 (Brasilia Standard Time), level: 2, origin: 4, topic: 4, event: 4} @ https://esm.sh/@duckdb/duckdb-wasm@1.30.0/es2022/duckdb-wasm.mjs:1
[   88192ms] [LOG] {timestamp: Tue May 05 2026 23:19:57 GMT-0300 (Brasilia Standard Time), level: 2, origin: 4, topic: 4, event: 4} @ https://esm.sh/@duckdb/duckdb-wasm@1.30.0/es2022/duckdb-wasm.mjs:1
[   88227ms] [INFO] [AskData] Ready {fields: 20, relationships: Array(2), ambiguousRelationships: Array(0)} @ http://localhost:8000/:605
[   88227ms] [LOG] {timestamp: Tue May 05 2026 23:19:57 GMT-0300 (Brasilia Standard Time), level: 2, origin: 4, topic: 4, event: 4} @ https://esm.sh/@duckdb/duckdb-wasm@1.30.0/es2022/duckdb-wasm.mjs:1
[   88245ms] [LOG] {timestamp: Tue May 05 2026 23:19:57 GMT-0300 (Brasilia Standard Time), level: 2, origin: 4, topic: 4, event: 4} @ https://esm.sh/@duckdb/duckdb-wasm@1.30.0/es2022/duckdb-wasm.mjs:1
[   88262ms] [LOG] {timestamp: Tue May 05 2026 23:19:57 GMT-0300 (Brasilia Standard Time), level: 2, origin: 4, topic: 4, event: 4} @ https://esm.sh/@duckdb/duckdb-wasm@1.30.0/es2022/duckdb-wasm.mjs:1
[   88317ms] [LOG] {timestamp: Tue May 05 2026 23:19:57 GMT-0300 (Brasilia Standard Time), level: 2, origin: 4, topic: 4, event: 4} @ https://esm.sh/@duckdb/duckdb-wasm@1.30.0/es2022/duckdb-wasm.mjs:1
[   88331ms] [LOG] {timestamp: Tue May 05 2026 23:19:57 GMT-0300 (Brasilia Standard Time), level: 2, origin: 4, topic: 4, event: 4} @ https://esm.sh/@duckdb/duckdb-wasm@1.30.0/es2022/duckdb-wasm.mjs:1
[   88347ms] [LOG] {timestamp: Tue May 05 2026 23:19:57 GMT-0300 (Brasilia Standard Time), level: 2, origin: 4, topic: 4, event: 4} @ https://esm.sh/@duckdb/duckdb-wasm@1.30.0/es2022/duckdb-wasm.mjs:1
[   88395ms] [LOG] {timestamp: Tue May 05 2026 23:19:57 GMT-0300 (Brasilia Standard Time), level: 2, origin: 4, topic: 4, event: 4} @ https://esm.sh/@duckdb/duckdb-wasm@1.30.0/es2022/duckdb-wasm.mjs:1
[   88461ms] [LOG] {timestamp: Tue May 05 2026 23:19:57 GMT-0300 (Brasilia Standard Time), level: 2, origin: 4, topic: 4, event: 4} @ https://esm.sh/@duckdb/duckdb-wasm@1.30.0/es2022/duckdb-wasm.mjs:1
[   88523ms] [LOG] {timestamp: Tue May 05 2026 23:19:57 GMT-0300 (Brasilia Standard Time), level: 2, origin: 4, topic: 4, event: 4} @ https://esm.sh/@duckdb/duckdb-wasm@1.30.0/es2022/duckdb-wasm.mjs:1
[   93620ms] [INFO] [AskData] SQL SELECT CAST(d1 AS VARCHAR) AS label, value
FROM (
SELECT
  DATE_TRUNC('month', t0_sales."Order Date") AS "d1",
  SUM(t0_sales."Sales") AS value
FROM "sales" t0_sales

GROUP BY 1
) q
ORDER BY value DESC
LIMIT 25 @ http://localhost:8000/:794
[   93620ms] [LOG] {timestamp: Tue May 05 2026 23:20:03 GMT-0300 (Brasilia Standard Time), level: 2, origin: 4, topic: 4, event: 4} @ https://esm.sh/@duckdb/duckdb-wasm@1.30.0/es2022/duckdb-wasm.mjs:1
[  110546ms] [LOG] {timestamp: Tue May 05 2026 23:20:20 GMT-0300 (Brasilia Standard Time), level: 2, origin: 4, topic: 4, event: 4} @ https://esm.sh/@duckdb/duckdb-wasm@1.30.0/es2022/duckdb-wasm.mjs:1
[  110655ms] [LOG] {timestamp: Tue May 05 2026 23:20:20 GMT-0300 (Brasilia Standard Time), level: 2, origin: 4, topic: 4, event: 4} @ https://esm.sh/@duckdb/duckdb-wasm@1.30.0/es2022/duckdb-wasm.mjs:1
[  110680ms] [LOG] {timestamp: Tue May 05 2026 23:20:20 GMT-0300 (Brasilia Standard Time), level: 2, origin: 4, topic: 4, event: 4} @ https://esm.sh/@duckdb/duckdb-wasm@1.30.0/es2022/duckdb-wasm.mjs:1
[  110730ms] [INFO] [AskData] Building semantic catalog @ http://localhost:8000/:601
[  110731ms] [LOG] {timestamp: Tue May 05 2026 23:20:20 GMT-0300 (Brasilia Standard Time), level: 2, origin: 4, topic: 4, event: 4} @ https://esm.sh/@duckdb/duckdb-wasm@1.30.0/es2022/duckdb-wasm.mjs:1
[  110758ms] [LOG] {timestamp: Tue May 05 2026 23:20:20 GMT-0300 (Brasilia Standard Time), level: 2, origin: 4, topic: 4, event: 4} @ https://esm.sh/@duckdb/duckdb-wasm@1.30.0/es2022/duckdb-wasm.mjs:1
[  110773ms] [LOG] {timestamp: Tue May 05 2026 23:20:20 GMT-0300 (Brasilia Standard Time), level: 2, origin: 4, topic: 4, event: 4} @ https://esm.sh/@duckdb/duckdb-wasm@1.30.0/es2022/duckdb-wasm.mjs:1
[  110792ms] [LOG] {timestamp: Tue May 05 2026 23:20:20 GMT-0300 (Brasilia Standard Time), level: 2, origin: 4, topic: 4, event: 4} @ https://esm.sh/@duckdb/duckdb-wasm@1.30.0/es2022/duckdb-wasm.mjs:1
[  110814ms] [LOG] {timestamp: Tue May 05 2026 23:20:20 GMT-0300 (Brasilia Standard Time), level: 2, origin: 4, topic: 4, event: 4} @ https://esm.sh/@duckdb/duckdb-wasm@1.30.0/es2022/duckdb-wasm.mjs:1
[  110829ms] [LOG] {timestamp: Tue May 05 2026 23:20:20 GMT-0300 (Brasilia Standard Time), level: 2, origin: 4, topic: 4, event: 4} @ https://esm.sh/@duckdb/duckdb-wasm@1.30.0/es2022/duckdb-wasm.mjs:1
[  110844ms] [LOG] {timestamp: Tue May 05 2026 23:20:20 GMT-0300 (Brasilia Standard Time), level: 2, origin: 4, topic: 4, event: 4} @ https://esm.sh/@duckdb/duckdb-wasm@1.30.0/es2022/duckdb-wasm.mjs:1
[  110858ms] [LOG] {timestamp: Tue May 05 2026 23:20:20 GMT-0300 (Brasilia Standard Time), level: 2, origin: 4, topic: 4, event: 4} @ https://esm.sh/@duckdb/duckdb-wasm@1.30.0/es2022/duckdb-wasm.mjs:1
[  110871ms] [LOG] {timestamp: Tue May 05 2026 23:20:20 GMT-0300 (Brasilia Standard Time), level: 2, origin: 4, topic: 4, event: 4} @ https://esm.sh/@duckdb/duckdb-wasm@1.30.0/es2022/duckdb-wasm.mjs:1
[  110887ms] [LOG] {timestamp: Tue May 05 2026 23:20:20 GMT-0300 (Brasilia Standard Time), level: 2, origin: 4, topic: 4, event: 4} @ https://esm.sh/@duckdb/duckdb-wasm@1.30.0/es2022/duckdb-wasm.mjs:1
[  110900ms] [LOG] {timestamp: Tue May 05 2026 23:20:20 GMT-0300 (Brasilia Standard Time), level: 2, origin: 4, topic: 4, event: 4} @ https://esm.sh/@duckdb/duckdb-wasm@1.30.0/es2022/duckdb-wasm.mjs:1
[  110915ms] [LOG] {timestamp: Tue May 05 2026 23:20:20 GMT-0300 (Brasilia Standard Time), level: 2, origin: 4, topic: 4, event: 4} @ https://esm.sh/@duckdb/duckdb-wasm@1.30.0/es2022/duckdb-wasm.mjs:1
[  110929ms] [LOG] {timestamp: Tue May 05 2026 23:20:20 GMT-0300 (Brasilia Standard Time), level: 2, origin: 4, topic: 4, event: 4} @ https://esm.sh/@duckdb/duckdb-wasm@1.30.0/es2022/duckdb-wasm.mjs:1
[  110943ms] [LOG] {timestamp: Tue May 05 2026 23:20:20 GMT-0300 (Brasilia Standard Time), level: 2, origin: 4, topic: 4, event: 4} @ https://esm.sh/@duckdb/duckdb-wasm@1.30.0/es2022/duckdb-wasm.mjs:1
[  110957ms] [LOG] {timestamp: Tue May 05 2026 23:20:20 GMT-0300 (Brasilia Standard Time), level: 2, origin: 4, topic: 4, event: 4} @ https://esm.sh/@duckdb/duckdb-wasm@1.30.0/es2022/duckdb-wasm.mjs:1
[  110972ms] [LOG] {timestamp: Tue May 05 2026 23:20:20 GMT-0300 (Brasilia Standard Time), level: 2, origin: 4, topic: 4, event: 4} @ https://esm.sh/@duckdb/duckdb-wasm@1.30.0/es2022/duckdb-wasm.mjs:1
[  110986ms] [LOG] {timestamp: Tue May 05 2026 23:20:20 GMT-0300 (Brasilia Standard Time), level: 2, origin: 4, topic: 4, event: 4} @ https://esm.sh/@duckdb/duckdb-wasm@1.30.0/es2022/duckdb-wasm.mjs:1
[  111000ms] [LOG] {timestamp: Tue May 05 2026 23:20:20 GMT-0300 (Brasilia Standard Time), level: 2, origin: 4, topic: 4, event: 4} @ https://esm.sh/@duckdb/duckdb-wasm@1.30.0/es2022/duckdb-wasm.mjs:1
[  111014ms] [LOG] {timestamp: Tue May 05 2026 23:20:20 GMT-0300 (Brasilia Standard Time), level: 2, origin: 4, topic: 4, event: 4} @ https://esm.sh/@duckdb/duckdb-wasm@1.30.0/es2022/duckdb-wasm.mjs:1
[  111032ms] [LOG] {timestamp: Tue May 05 2026 23:20:20 GMT-0300 (Brasilia Standard Time), level: 2, origin: 4, topic: 4, event: 4} @ https://esm.sh/@duckdb/duckdb-wasm@1.30.0/es2022/duckdb-wasm.mjs:1
[  111049ms] [LOG] {timestamp: Tue May 05 2026 23:20:20 GMT-0300 (Brasilia Standard Time), level: 2, origin: 4, topic: 4, event: 4} @ https://esm.sh/@duckdb/duckdb-wasm@1.30.0/es2022/duckdb-wasm.mjs:1
[  111070ms] [LOG] {timestamp: Tue May 05 2026 23:20:20 GMT-0300 (Brasilia Standard Time), level: 2, origin: 4, topic: 4, event: 4} @ https://esm.sh/@duckdb/duckdb-wasm@1.30.0/es2022/duckdb-wasm.mjs:1
[  111090ms] [LOG] {timestamp: Tue May 05 2026 23:20:20 GMT-0300 (Brasilia Standard Time), level: 2, origin: 4, topic: 4, event: 4} @ https://esm.sh/@duckdb/duckdb-wasm@1.30.0/es2022/duckdb-wasm.mjs:1
[  111109ms] [LOG] {timestamp: Tue May 05 2026 23:20:20 GMT-0300 (Brasilia Standard Time), level: 2, origin: 4, topic: 4, event: 4} @ https://esm.sh/@duckdb/duckdb-wasm@1.30.0/es2022/duckdb-wasm.mjs:1
[  111127ms] [LOG] {timestamp: Tue May 05 2026 23:20:20 GMT-0300 (Brasilia Standard Time), level: 2, origin: 4, topic: 4, event: 4} @ https://esm.sh/@duckdb/duckdb-wasm@1.30.0/es2022/duckdb-wasm.mjs:1
[  111145ms] [LOG] {timestamp: Tue May 05 2026 23:20:20 GMT-0300 (Brasilia Standard Time), level: 2, origin: 4, topic: 4, event: 4} @ https://esm.sh/@duckdb/duckdb-wasm@1.30.0/es2022/duckdb-wasm.mjs:1
[  111163ms] [LOG] {timestamp: Tue May 05 2026 23:20:20 GMT-0300 (Brasilia Standard Time), level: 2, origin: 4, topic: 4, event: 4} @ https://esm.sh/@duckdb/duckdb-wasm@1.30.0/es2022/duckdb-wasm.mjs:1
[  111183ms] [LOG] {timestamp: Tue May 05 2026 23:20:20 GMT-0300 (Brasilia Standard Time), level: 2, origin: 4, topic: 4, event: 4} @ https://esm.sh/@duckdb/duckdb-wasm@1.30.0/es2022/duckdb-wasm.mjs:1
[  111202ms] [LOG] {timestamp: Tue May 05 2026 23:20:20 GMT-0300 (Brasilia Standard Time), level: 2, origin: 4, topic: 4, event: 4} @ https://esm.sh/@duckdb/duckdb-wasm@1.30.0/es2022/duckdb-wasm.mjs:1
[  111251ms] [LOG] {timestamp: Tue May 05 2026 23:20:20 GMT-0300 (Brasilia Standard Time), level: 2, origin: 4, topic: 4, event: 4} @ https://esm.sh/@duckdb/duckdb-wasm@1.30.0/es2022/duckdb-wasm.mjs:1
[  111283ms] [LOG] {timestamp: Tue May 05 2026 23:20:20 GMT-0300 (Brasilia Standard Time), level: 2, origin: 4, topic: 4, event: 4} @ https://esm.sh/@duckdb/duckdb-wasm@1.30.0/es2022/duckdb-wasm.mjs:1
[  111318ms] [LOG] {timestamp: Tue May 05 2026 23:20:20 GMT-0300 (Brasilia Standard Time), level: 2, origin: 4, topic: 4, event: 4} @ https://esm.sh/@duckdb/duckdb-wasm@1.30.0/es2022/duckdb-wasm.mjs:1
[  111353ms] [LOG] {timestamp: Tue May 05 2026 23:20:20 GMT-0300 (Brasilia Standard Time), level: 2, origin: 4, topic: 4, event: 4} @ https://esm.sh/@duckdb/duckdb-wasm@1.30.0/es2022/duckdb-wasm.mjs:1
[  111386ms] [LOG] {timestamp: Tue May 05 2026 23:20:20 GMT-0300 (Brasilia Standard Time), level: 2, origin: 4, topic: 4, event: 4} @ https://esm.sh/@duckdb/duckdb-wasm@1.30.0/es2022/duckdb-wasm.mjs:1
[  111420ms] [LOG] {timestamp: Tue May 05 2026 23:20:20 GMT-0300 (Brasilia Standard Time), level: 2, origin: 4, topic: 4, event: 4} @ https://esm.sh/@duckdb/duckdb-wasm@1.30.0/es2022/duckdb-wasm.mjs:1
[  111454ms] [LOG] {timestamp: Tue May 05 2026 23:20:20 GMT-0300 (Brasilia Standard Time), level: 2, origin: 4, topic: 4, event: 4} @ https://esm.sh/@duckdb/duckdb-wasm@1.30.0/es2022/duckdb-wasm.mjs:1
[  111492ms] [LOG] {timestamp: Tue May 05 2026 23:20:20 GMT-0300 (Brasilia Standard Time), level: 2, origin: 4, topic: 4, event: 4} @ https://esm.sh/@duckdb/duckdb-wasm@1.30.0/es2022/duckdb-wasm.mjs:1
[  111529ms] [LOG] {timestamp: Tue May 05 2026 23:20:20 GMT-0300 (Brasilia Standard Time), level: 2, origin: 4, topic: 4, event: 4} @ https://esm.sh/@duckdb/duckdb-wasm@1.30.0/es2022/duckdb-wasm.mjs:1
[  111564ms] [LOG] {timestamp: Tue May 05 2026 23:20:21 GMT-0300 (Brasilia Standard Time), level: 2, origin: 4, topic: 4, event: 4} @ https://esm.sh/@duckdb/duckdb-wasm@1.30.0/es2022/duckdb-wasm.mjs:1
[  111598ms] [LOG] {timestamp: Tue May 05 2026 23:20:21 GMT-0300 (Brasilia Standard Time), level: 2, origin: 4, topic: 4, event: 4} @ https://esm.sh/@duckdb/duckdb-wasm@1.30.0/es2022/duckdb-wasm.mjs:1
[  111632ms] [LOG] {timestamp: Tue May 05 2026 23:20:21 GMT-0300 (Brasilia Standard Time), level: 2, origin: 4, topic: 4, event: 4} @ https://esm.sh/@duckdb/duckdb-wasm@1.30.0/es2022/duckdb-wasm.mjs:1
[  111666ms] [LOG] {timestamp: Tue May 05 2026 23:20:21 GMT-0300 (Brasilia Standard Time), level: 2, origin: 4, topic: 4, event: 4} @ https://esm.sh/@duckdb/duckdb-wasm@1.30.0/es2022/duckdb-wasm.mjs:1
[  111701ms] [LOG] {timestamp: Tue May 05 2026 23:20:21 GMT-0300 (Brasilia Standard Time), level: 2, origin: 4, topic: 4, event: 4} @ https://esm.sh/@duckdb/duckdb-wasm@1.30.0/es2022/duckdb-wasm.mjs:1
[  111733ms] [LOG] {timestamp: Tue May 05 2026 23:20:21 GMT-0300 (Brasilia Standard Time), level: 2, origin: 4, topic: 4, event: 4} @ https://esm.sh/@duckdb/duckdb-wasm@1.30.0/es2022/duckdb-wasm.mjs:1
[  111771ms] [LOG] {timestamp: Tue May 05 2026 23:20:21 GMT-0300 (Brasilia Standard Time), level: 2, origin: 4, topic: 4, event: 4} @ https://esm.sh/@duckdb/duckdb-wasm@1.30.0/es2022/duckdb-wasm.mjs:1
[  111804ms] [LOG] {timestamp: Tue May 05 2026 23:20:21 GMT-0300 (Brasilia Standard Time), level: 2, origin: 4, topic: 4, event: 4} @ https://esm.sh/@duckdb/duckdb-wasm@1.30.0/es2022/duckdb-wasm.mjs:1
[  111841ms] [INFO] [AskData] Ready {fields: 20, relationships: Array(2), ambiguousRelationships: Array(0)} @ http://localhost:8000/:605
[  111841ms] [LOG] {timestamp: Tue May 05 2026 23:20:21 GMT-0300 (Brasilia Standard Time), level: 2, origin: 4, topic: 4, event: 4} @ https://esm.sh/@duckdb/duckdb-wasm@1.30.0/es2022/duckdb-wasm.mjs:1
[  111859ms] [LOG] {timestamp: Tue May 05 2026 23:20:21 GMT-0300 (Brasilia Standard Time), level: 2, origin: 4, topic: 4, event: 4} @ https://esm.sh/@duckdb/duckdb-wasm@1.30.0/es2022/duckdb-wasm.mjs:1
[  111877ms] [LOG] {timestamp: Tue May 05 2026 23:20:21 GMT-0300 (Brasilia Standard Time), level: 2, origin: 4, topic: 4, event: 4} @ https://esm.sh/@duckdb/duckdb-wasm@1.30.0/es2022/duckdb-wasm.mjs:1
[  111935ms] [LOG] {timestamp: Tue May 05 2026 23:20:21 GMT-0300 (Brasilia Standard Time), level: 2, origin: 4, topic: 4, event: 4} @ https://esm.sh/@duckdb/duckdb-wasm@1.30.0/es2022/duckdb-wasm.mjs:1
[  111949ms] [LOG] {timestamp: Tue May 05 2026 23:20:21 GMT-0300 (Brasilia Standard Time), level: 2, origin: 4, topic: 4, event: 4} @ https://esm.sh/@duckdb/duckdb-wasm@1.30.0/es2022/duckdb-wasm.mjs:1
[  111968ms] [LOG] {timestamp: Tue May 05 2026 23:20:21 GMT-0300 (Brasilia Standard Time), level: 2, origin: 4, topic: 4, event: 4} @ https://esm.sh/@duckdb/duckdb-wasm@1.30.0/es2022/duckdb-wasm.mjs:1
[  112025ms] [LOG] {timestamp: Tue May 05 2026 23:20:21 GMT-0300 (Brasilia Standard Time), level: 2, origin: 4, topic: 4, event: 4} @ https://esm.sh/@duckdb/duckdb-wasm@1.30.0/es2022/duckdb-wasm.mjs:1
[  112097ms] [LOG] {timestamp: Tue May 05 2026 23:20:21 GMT-0300 (Brasilia Standard Time), level: 2, origin: 4, topic: 4, event: 4} @ https://esm.sh/@duckdb/duckdb-wasm@1.30.0/es2022/duckdb-wasm.mjs:1
[  112189ms] [LOG] {timestamp: Tue May 05 2026 23:20:21 GMT-0300 (Brasilia Standard Time), level: 2, origin: 4, topic: 4, event: 4} @ https://esm.sh/@duckdb/duckdb-wasm@1.30.0/es2022/duckdb-wasm.mjs:1
[  117169ms] [INFO] [AskData] SQL SELECT CAST(d1 AS VARCHAR) AS label, value
FROM (
SELECT
  t0_customer."Segment" AS "d1",
  COUNT(DISTINCT t0_customer."Customer ID") AS value
FROM "customer" t0_customer

GROUP BY 1
) q
ORDER BY value DESC
LIMIT 25 @ http://localhost:8000/:794
[  117169ms] [LOG] {timestamp: Tue May 05 2026 23:20:26 GMT-0300 (Brasilia Standard Time), level: 2, origin: 4, topic: 4, event: 4} @ https://esm.sh/@duckdb/duckdb-wasm@1.30.0/es2022/duckdb-wasm.mjs:1
[  130401ms] [INFO] [AskData] SQL SELECT CAST(d1 AS VARCHAR) AS label, value
FROM (
SELECT
  t1_customer."Region" AS "d1",
  SUM(t0_sales."Sales") AS value
FROM "sales" t0_sales
JOIN "customer" t1_customer ON t0_sales."Customer ID" = t1_customer."Customer ID"
GROUP BY 1
) q
ORDER BY value DESC
LIMIT 25 @ http://localhost:8000/:794
[  130401ms] [LOG] {timestamp: Tue May 05 2026 23:20:39 GMT-0300 (Brasilia Standard Time), level: 2, origin: 4, topic: 4, event: 4} @ https://esm.sh/@duckdb/duckdb-wasm@1.30.0/es2022/duckdb-wasm.mjs:1
